<?xml version="1.0" encoding="UTF-8" ?>
<testsuite failures="0" time="26.142" errors="1" skipped="0" tests="1" name="com.yahoo.weather.search.test.SearchWeatherResultTest">
  <properties>
[...]
</properties>
  <testcase time="26.01" classname="com.yahoo.weather.search.test.SearchWeatherResultTest" name="searchWeaterTest">
    <error message="Unable to locate element: {&quot;method&quot;:&quot;xpath&quot;,&quot;selector&quot;:&quot;//div[@id=&apos;yucs-input_wrap&apos;]/input[contains(@class,&apos;search&apos;)]&quot;}
Command duration or timeout: 4.92 seconds
For documentation on this error, please visit: http://seleniumhq.org/exceptions/no_such_element.html
Build info: version: &apos;2.37.1&apos;, revision: &apos;a7c61cbd68657e133ae96672cf995890bad2ee42&apos;, time: &apos;2013-10-21 09:08:07&apos;
System info: host: &apos;Maruf&apos;, ip: &apos;192.168.1.9&apos;, os.name: &apos;Windows 8&apos;, os.arch: &apos;amd64&apos;, os.version: &apos;6.2&apos;, java.version: &apos;1.7.0_17&apos;
Session ID: 172c1956-551a-43da-a2f6-77fa1436a852
Driver info: org.openqa.selenium.firefox.FirefoxDriver
Capabilities [{platform=XP, databaseEnabled=true, cssSelectorsEnabled=true, javascriptEnabled=true, acceptSslCerts=true, handlesAlerts=true, browserName=firefox, browserConnectionEnabled=true, nativeEvents=true, webStorageEnabled=true, rotatable=false, locationContextEnabled=true, applicationCacheEnabled=true, takesScreenshot=true, version=16.0}]" type="org.openqa.selenium.NoSuchElementException">org.openqa.selenium.NoSuchElementException: Unable to locate element: {&quot;method&quot;:&quot;xpath&quot;,&quot;selector&quot;:&quot;//div[@id=&apos;yucs-input_wrap&apos;]/input[contains(@class,&apos;search&apos;)]&quot;}
Command duration or timeout: 4.92 seconds
For documentation on this error, please visit: http://seleniumhq.org/exceptions/no_such_element.html
Build info: version: &apos;2.37.1&apos;, revision: &apos;a7c61cbd68657e133ae96672cf995890bad2ee42&apos;, time: &apos;2013-10-21 09:08:07&apos;
System info: host: &apos;Maruf&apos;, ip: &apos;192.168.1.9&apos;, os.name: &apos;Windows 8&apos;, os.arch: &apos;amd64&apos;, os.version: &apos;6.2&apos;, java.version: &apos;1.7.0_17&apos;
Session ID: 172c1956-551a-43da-a2f6-77fa1436a852
Driver info: org.openqa.selenium.firefox.FirefoxDriver
Capabilities [{platform=XP, databaseEnabled=true, cssSelectorsEnabled=true, javascriptEnabled=true, acceptSslCerts=true, handlesAlerts=true, browserName=firefox, browserConnectionEnabled=true, nativeEvents=true, webStorageEnabled=true, rotatable=false, locationContextEnabled=true, applicationCacheEnabled=true, takesScreenshot=true, version=16.0}]
	at sun.reflect.NativeConstructorAccessorImpl.newInstance0(Native Method)
	at sun.reflect.NativeConstructorAccessorImpl.newInstance(Unknown Source)
	at sun.reflect.DelegatingConstructorAccessorImpl.newInstance(Unknown Source)
	at java.lang.reflect.Constructor.newInstance(Unknown Source)
	at org.openqa.selenium.remote.ErrorHandler.createThrowable(ErrorHandler.java:193)
	at org.openqa.selenium.remote.ErrorHandler.throwIfResponseFailed(ErrorHandler.java:145)
	at org.openqa.selenium.remote.RemoteWebDriver.execute(RemoteWebDriver.java:554)
	at org.openqa.selenium.remote.RemoteWebDriver.findElement(RemoteWebDriver.java:307)
	at org.openqa.selenium.remote.RemoteWebDriver.findElementByXPath(RemoteWebDriver.java:404)
	at org.openqa.selenium.By$ByXPath.findElement(By.java:363)
	at org.openqa.selenium.remote.RemoteWebDriver.findElement(RemoteWebDriver.java:299)
	at org.openqa.selenium.support.pagefactory.DefaultElementLocator.findElement(DefaultElementLocator.java:59)
	at org.openqa.selenium.support.pagefactory.internal.LocatingElementHandler.invoke(LocatingElementHandler.java:34)
	at com.sun.proxy.$Proxy8.sendKeys(Unknown Source)
	at com.yahoo.weather.pages.YahooWeatherPage.searchResult(YahooWeatherPage.java:28)
	at com.yahoo.weather.search.test.SearchWeatherResultTest.searchWeaterTest(SearchWeatherResultTest.java:19)
	at sun.reflect.NativeMethodAccessorImpl.invoke0(Native Method)
	at sun.reflect.NativeMethodAccessorImpl.invoke(Unknown Source)
	at sun.reflect.DelegatingMethodAccessorImpl.invoke(Unknown Source)
	at java.lang.reflect.Method.invoke(Unknown Source)
	at org.junit.runners.model.FrameworkMethod$1.runReflectiveCall(FrameworkMethod.java:47)
	at org.junit.internal.runners.model.ReflectiveCallable.run(ReflectiveCallable.java:12)
	at org.junit.runners.model.FrameworkMethod.invokeExplosively(FrameworkMethod.java:44)
	at org.junit.internal.runners.statements.InvokeMethod.evaluate(InvokeMethod.java:17)
	at org.junit.internal.runners.statements.RunBefores.evaluate(RunBefores.java:26)
	at org.junit.internal.runners.statements.RunAfters.evaluate(RunAfters.java:27)
	at org.junit.runners.ParentRunner.runLeaf(ParentRunner.java:271)
	at org.junit.runners.BlockJUnit4ClassRunner.runChild(BlockJUnit4ClassRunner.java:70)
	at org.junit.runners.BlockJUnit4ClassRunner.runChild(BlockJUnit4ClassRunner.java:50)
	at org.junit.runners.ParentRunner$3.run(ParentRunner.java:238)
	at org.junit.runners.ParentRunner$1.schedule(ParentRunner.java:63)
	at org.junit.runners.ParentRunner.runChildren(ParentRunner.java:236)
	at org.junit.runners.ParentRunner.access$000(ParentRunner.java:53)
	at org.junit.runners.ParentRunner$2.evaluate(ParentRunner.java:229)
	at org.junit.runners.ParentRunner.run(ParentRunner.java:309)
	at org.apache.maven.surefire.junit4.JUnit4TestSet.execute(JUnit4TestSet.java:53)
	at org.apache.maven.surefire.junit4.JUnit4Provider.executeTestSet(JUnit4Provider.java:123)
	at org.apache.maven.surefire.junit4.JUnit4Provider.invoke(JUnit4Provider.java:104)
	at sun.reflect.NativeMethodAccessorImpl.invoke0(Native Method)
	at sun.reflect.NativeMethodAccessorImpl.invoke(Unknown Source)
	at sun.reflect.DelegatingMethodAccessorImpl.invoke(Unknown Source)
	at java.lang.reflect.Method.invoke(Unknown Source)
	at org.apache.maven.surefire.util.ReflectionUtils.invokeMethodWithArray(ReflectionUtils.java:164)
	at org.apache.maven.surefire.booter.ProviderFactory$ProviderProxy.invoke(ProviderFactory.java:110)
	at org.apache.maven.surefire.booter.SurefireStarter.invokeProvider(SurefireStarter.java:175)
	at org.apache.maven.surefire.booter.SurefireStarter.runSuitesInProcessWhenForked(SurefireStarter.java:107)
	at org.apache.maven.surefire.booter.ForkedBooter.main(ForkedBooter.java:68)
Caused by: org.openqa.selenium.remote.ErrorHandler$UnknownServerException: Unable to locate element: {&quot;method&quot;:&quot;xpath&quot;,&quot;selector&quot;:&quot;//div[@id=&apos;yucs-input_wrap&apos;]/input[contains(@class,&apos;search&apos;)]&quot;}
Build info: version: &apos;2.37.1&apos;, revision: &apos;a7c61cbd68657e133ae96672cf995890bad2ee42&apos;, time: &apos;2013-10-21 09:08:07&apos;
System info: host: &apos;Maruf&apos;, ip: &apos;192.168.1.9&apos;, os.name: &apos;Windows 8&apos;, os.arch: &apos;amd64&apos;, os.version: &apos;6.2&apos;, java.version: &apos;1.7.0_17&apos;
Driver info: driver.version: unknown
	at &lt;anonymous class&gt;.&lt;anonymous method&gt;(file:///C:/Users/Maruf/AppData/Local/Temp/anonymous6384125728586837806webdriver-profile/extensions/fxdriver@googlecode.com/components/driver_component.js:8891)
	at &lt;anonymous class&gt;.&lt;anonymous method&gt;(file:///C:/Users/Maruf/AppData/Local/Temp/anonymous6384125728586837806webdriver-profile/extensions/fxdriver@googlecode.com/components/driver_component.js:8900)
	at &lt;anonymous class&gt;.&lt;anonymous method&gt;(file:///C:/Users/Maruf/AppData/Local/Temp/anonymous6384125728586837806webdriver-profile/extensions/fxdriver@googlecode.com/components/command_processor.js:10844)
	at &lt;anonymous class&gt;.&lt;anonymous method&gt;(file:///C:/Users/Maruf/AppData/Local/Temp/anonymous6384125728586837806webdriver-profile/extensions/fxdriver@googlecode.com/components/command_processor.js:10849)
	at &lt;anonymous class&gt;.&lt;anonymous method&gt;(file:///C:/Users/Maruf/AppData/Local/Temp/anonymous6384125728586837806webdriver-profile/extensions/fxdriver@googlecode.com/components/command_processor.js:10791)
</error>
  </testcase>
</testsuite>